<?xml version="1.0" encoding="UTF-8"?>
<testsuite xmlns:xsi="http://www.w3.org/2001/XMLSchema-instance" xsi:noNamespaceSchemaLocation="https://maven.apache.org/surefire/maven-surefire-plugin/xsd/surefire-test-report-3.0.xsd" version="3.0" name="org.example.TexasTest" time="0.087" tests="8" errors="0" skipped="0" failures="0">
  <properties>
[...]
</properties>
  <testcase name="TeaxsTest1" classname="org.example.TexasTest" time="0.04"/>
  <testcase name="TeaxsTest2" classname="org.example.TexasTest" time="0.001"/>
  <testcase name="TeaxsTest3" classname="org.example.TexasTest" time="0.001"/>
  <testcase name="TeaxsTest4" classname="org.example.TexasTest" time="0.005">
    <system-out><![CDATA[Corresponded exception: 不合理的提前結束
]]></system-out>
  </testcase>
  <testcase name="TeaxsTest5" classname="org.example.TexasTest" time="0.002">
    <system-out><![CDATA[Corresponded exception: 沒有必要的延長局
]]></system-out>
  </testcase>
  <testcase name="TeaxsTest6" classname="org.example.TexasTest" time="0.002">
    <system-out><![CDATA[Corresponded exception: 局數小於九局
]]></system-out>
  </testcase>
  <testcase name="TeaxsTest7" classname="org.example.TexasTest" time="0.002">
    <system-out><![CDATA[Corresponded exception: 不可以和局
]]></system-out>
  </testcase>
  <testcase name="TeaxsTest8" classname="org.example.TexasTest" time="0.002">
    <system-out><![CDATA[Corresponded exception: 不合理的先攻未打
]]></system-out>
  </testcase>
</testsuite>